==================================================
三合一情報偵查兵 (輕量化版)
==================================================

[0] 檢查現有標題...
Traceback (most recent call last):
  File "/home/node/.openclaw/workspace/external_scout.py", line 289, in <module>
    main()
    ~~~~^^
  File "/home/node/.openclaw/workspace/external_scout.py", line 247, in main
    existing_titles = get_existing_titles()
  File "/home/node/.openclaw/workspace/external_scout.py", line 42, in get_existing_titles
    client = get_gs_client()
  File "/home/node/.openclaw/workspace/external_scout.py", line 36, in get_gs_client
    creds_json = json.loads(GOOGLE_SHEETS_CREDENTIALS)
  File "/home/node/.linuxbrew/Cellar/python@3.14/3.14.3_1/lib/python3.14/json/__init__.py", line 345, in loads
    raise TypeError(f'the JSON object must be str, bytes or bytearray, '
                    f'not {s.__class__.__name__}')
TypeError: the JSON object must be str, bytes or bytearray, not NoneType
==================================================
三合一情報偵查兵 (輕量化版)
==================================================

[0] 檢查現有標題...
Traceback (most recent call last):
  File "/home/node/.openclaw/workspace/external_scout.py", line 350, in <module>
    main()
    ~~~~^^
  File "/home/node/.openclaw/workspace/external_scout.py", line 308, in main
    existing_titles = get_existing_titles()
  File "/home/node/.openclaw/workspace/external_scout.py", line 42, in get_existing_titles
    client = get_gs_client()
  File "/home/node/.openclaw/workspace/external_scout.py", line 36, in get_gs_client
    creds_json = json.loads(GOOGLE_SHEETS_CREDENTIALS)
  File "/home/node/.linuxbrew/Cellar/python@3.14/3.14.3_1/lib/python3.14/json/__init__.py", line 345, in loads
    raise TypeError(f'the JSON object must be str, bytes or bytearray, '
                    f'not {s.__class__.__name__}')
TypeError: the JSON object must be str, bytes or bytearray, not NoneType
==================================================
三合一情報偵查兵 (輕量化版)
==================================================

[0] 檢查現有標題...
Traceback (most recent call last):
  File "/home/node/.openclaw/workspace/external_scout.py", line 350, in <module>
    main()
    ~~~~^^
  File "/home/node/.openclaw/workspace/external_scout.py", line 308, in main
    existing_titles = get_existing_titles()
  File "/home/node/.openclaw/workspace/external_scout.py", line 42, in get_existing_titles
    client = get_gs_client()
  File "/home/node/.openclaw/workspace/external_scout.py", line 36, in get_gs_client
    creds_json = json.loads(GOOGLE_SHEETS_CREDENTIALS)
  File "/home/node/.linuxbrew/Cellar/python@3.14/3.14.3_1/lib/python3.14/json/__init__.py", line 345, in loads
    raise TypeError(f'the JSON object must be str, bytes or bytearray, '
                    f'not {s.__class__.__name__}')
TypeError: the JSON object must be str, bytes or bytearray, not NoneType
==================================================
三合一情報偵查兵 (輕量化版)
==================================================

[0] 檢查現有標題...
Traceback (most recent call last):
  File "/home/node/.openclaw/workspace/external_scout.py", line 350, in <module>
    main()
    ~~~~^^
  File "/home/node/.openclaw/workspace/external_scout.py", line 308, in main
    existing_titles = get_existing_titles()
  File "/home/node/.openclaw/workspace/external_scout.py", line 42, in get_existing_titles
    client = get_gs_client()
  File "/home/node/.openclaw/workspace/external_scout.py", line 36, in get_gs_client
    creds_json = json.loads(GOOGLE_SHEETS_CREDENTIALS)
  File "/home/node/.linuxbrew/Cellar/python@3.14/3.14.3_1/lib/python3.14/json/__init__.py", line 345, in loads
    raise TypeError(f'the JSON object must be str, bytes or bytearray, '
                    f'not {s.__class__.__name__}')
TypeError: the JSON object must be str, bytes or bytearray, not NoneType
==================================================
三合一情報偵查兵 (輕量化版)
==================================================

[0] 檢查現有標題...
Traceback (most recent call last):
  File "/home/node/.openclaw/workspace/external_scout.py", line 350, in <module>
    main()
    ~~~~^^
  File "/home/node/.openclaw/workspace/external_scout.py", line 308, in main
    existing_titles = get_existing_titles()
  File "/home/node/.openclaw/workspace/external_scout.py", line 42, in get_existing_titles
    client = get_gs_client()
  File "/home/node/.openclaw/workspace/external_scout.py", line 36, in get_gs_client
    creds_json = json.loads(GOOGLE_SHEETS_CREDENTIALS)
  File "/home/node/.linuxbrew/Cellar/python@3.14/3.14.3_1/lib/python3.14/json/__init__.py", line 345, in loads
    raise TypeError(f'the JSON object must be str, bytes or bytearray, '
                    f'not {s.__class__.__name__}')
TypeError: the JSON object must be str, bytes or bytearray, not NoneType
==================================================
三合一情報偵查兵 (輕量化版)
==================================================

[0] 檢查現有標題...
Traceback (most recent call last):
  File "/home/node/.openclaw/workspace/external_scout.py", line 350, in <module>
    main()
    ~~~~^^
  File "/home/node/.openclaw/workspace/external_scout.py", line 308, in main
    existing_titles = get_existing_titles()
  File "/home/node/.openclaw/workspace/external_scout.py", line 42, in get_existing_titles
    client = get_gs_client()
  File "/home/node/.openclaw/workspace/external_scout.py", line 36, in get_gs_client
    creds_json = json.loads(GOOGLE_SHEETS_CREDENTIALS)
  File "/home/node/.linuxbrew/Cellar/python@3.14/3.14.3_1/lib/python3.14/json/__init__.py", line 345, in loads
    raise TypeError(f'the JSON object must be str, bytes or bytearray, '
                    f'not {s.__class__.__name__}')
TypeError: the JSON object must be str, bytes or bytearray, not NoneType
==================================================
三合一情報偵查兵 (輕量化版)
==================================================

[0] 檢查現有標題...
Traceback (most recent call last):
  File "/home/node/.openclaw/workspace/external_scout.py", line 350, in <module>
    main()
    ~~~~^^
  File "/home/node/.openclaw/workspace/external_scout.py", line 308, in main
    existing_titles = get_existing_titles()
  File "/home/node/.openclaw/workspace/external_scout.py", line 42, in get_existing_titles
    client = get_gs_client()
  File "/home/node/.openclaw/workspace/external_scout.py", line 36, in get_gs_client
    creds_json = json.loads(GOOGLE_SHEETS_CREDENTIALS)
  File "/home/node/.linuxbrew/Cellar/python@3.14/3.14.3_1/lib/python3.14/json/__init__.py", line 345, in loads
    raise TypeError(f'the JSON object must be str, bytes or bytearray, '
                    f'not {s.__class__.__name__}')
TypeError: the JSON object must be str, bytes or bytearray, not NoneType
==================================================
三合一情報偵查兵 (輕量化版)
==================================================

[0] 檢查現有標題...
Traceback (most recent call last):
  File "/home/node/.openclaw/workspace/external_scout.py", line 350, in <module>
    main()
    ~~~~^^
  File "/home/node/.openclaw/workspace/external_scout.py", line 308, in main
    existing_titles = get_existing_titles()
  File "/home/node/.openclaw/workspace/external_scout.py", line 42, in get_existing_titles
    client = get_gs_client()
  File "/home/node/.openclaw/workspace/external_scout.py", line 36, in get_gs_client
    creds_json = json.loads(GOOGLE_SHEETS_CREDENTIALS)
  File "/home/node/.linuxbrew/Cellar/python@3.14/3.14.3_1/lib/python3.14/json/__init__.py", line 345, in loads
    raise TypeError(f'the JSON object must be str, bytes or bytearray, '
                    f'not {s.__class__.__name__}')
TypeError: the JSON object must be str, bytes or bytearray, not NoneType
==================================================
三合一情報偵查兵 (輕量化版)
==================================================

[0] 檢查現有標題...
Traceback (most recent call last):
  File "/home/node/.openclaw/workspace/external_scout.py", line 350, in <module>
    main()
    ~~~~^^
  File "/home/node/.openclaw/workspace/external_scout.py", line 308, in main
    existing_titles = get_existing_titles()
  File "/home/node/.openclaw/workspace/external_scout.py", line 42, in get_existing_titles
    client = get_gs_client()
  File "/home/node/.openclaw/workspace/external_scout.py", line 36, in get_gs_client
    creds_json = json.loads(GOOGLE_SHEETS_CREDENTIALS)
  File "/home/node/.linuxbrew/Cellar/python@3.14/3.14.3_1/lib/python3.14/json/__init__.py", line 345, in loads
    raise TypeError(f'the JSON object must be str, bytes or bytearray, '
                    f'not {s.__class__.__name__}')
TypeError: the JSON object must be str, bytes or bytearray, not NoneType
==================================================
三合一情報偵查兵 (輕量化版)
==================================================

[0] 檢查現有標題...
Traceback (most recent call last):
  File "/home/node/.openclaw/workspace/external_scout.py", line 350, in <module>
    main()
    ~~~~^^
  File "/home/node/.openclaw/workspace/external_scout.py", line 308, in main
    existing_titles = get_existing_titles()
  File "/home/node/.openclaw/workspace/external_scout.py", line 42, in get_existing_titles
    client = get_gs_client()
  File "/home/node/.openclaw/workspace/external_scout.py", line 36, in get_gs_client
    creds_json = json.loads(GOOGLE_SHEETS_CREDENTIALS)
  File "/home/node/.linuxbrew/Cellar/python@3.14/3.14.3_1/lib/python3.14/json/__init__.py", line 345, in loads
    raise TypeError(f'the JSON object must be str, bytes or bytearray, '
                    f'not {s.__class__.__name__}')
TypeError: the JSON object must be str, bytes or bytearray, not NoneType
=== HEARTBEAT 完成 ===
[2026-03-25 05:23:32] HEARTBEAT 完成 - 新增:0, RSS:30篇
[2026-03-25 05:24] HEARTBEAT 完成 - 新增:0, RSS:30篇
[2026-03-25 06:09] HEARTBEAT 完成 - 新增:3, RSS:推送完成
[2026-03-25 13:46] HEARTBEAT 完成 - 新增:3 (苗栗3), RSS:推送完成, 苗栗RSS:無腳本
[2026-03-25 17:49] HEARTBEAT 完成 - 新增:0, RSS:推送完成
