[2026-03-22 15:41:29.570562] === 開始執行社群 RSS 監控 ===
[1/5] 取得 Google 授權...
✅ 授權成功
[2/5] 讀取現有標題...
   現有文章: 17 篇
[3/5] 抓取 RSS...
   RSS 文章總數: 20 篇
   新文章: 3 篇
[4/5] 寫入新文章...
   處理 1/3: 《超級瑪利歐銀河電影版》：從水管工到宇宙救世主，任天堂的野心...
      ✅ 已寫入
[5/5] AI 改寫...
  [更新重試 1/3] HTTP Error 404: Not Found
  [更新重試 2/3] HTTP Error 404: Not Found
  [更新重試 3/3] HTTP Error 404: Not Found
   處理 2/3: 鹿野婦女會活動結合宣導　警方揭詐騙手法強化交安觀念...
      ✅ 已寫入
[5/5] AI 改寫...
  [更新重試 1/3] HTTP Error 404: Not Found
  [更新重試 2/3] HTTP Error 404: Not Found
  [更新重試 3/3] HTTP Error 404: Not Found
   處理 3/3: 基隆開齋節登場　謝國樑與移工同歡展現多元共融...
      ✅ 已寫入
[5/5] AI 改寫...
  [更新重試 1/3] HTTP Error 404: Not Found
  [更新重試 2/3] HTTP Error 404: Not Found
  [更新重試 3/3] HTTP Error 404: Not Found

[2026-03-22 15:43:08.219688] === 完成! 新文章: 3 篇 ===
